{"app_name":"NetNewsWire","timestamp":"2025-11-17 06:48:17.00 -0800","app_version":"6.2","slice_uuid":"169ab24f-6b7f-3a5c-a095-84acd5121e9e","build_version":"6200","platform":1,"bundleID":"com.ranchero.NetNewsWire-Evergreen","share_with_app_devs":0,"is_first_party":0,"bug_type":"309","os_version":"macOS 15.6 (24G84)","roots_installed":0,"name":"NetNewsWire","incident_id":"7D78160C-434F-4761-97CC-E53EB5A98F71"}
{
  "uptime" : 2300000,
  "procRole" : "Foreground",
  "version" : 2,
  "userID" : 501,
  "deployVersion" : 210,
  "modelCode" : "Mac16,5",
  "coalitionID" : 241954,
  "osVersion" : {
    "train" : "macOS 15.6",
    "build" : "24G84",
    "releaseType" : "User"
  },
  "captureTime" : "2025-11-17 06:48:16.8948 -0800",
  "codeSigningMonitor" : 2,
  "incident" : "7D78160C-434F-4761-97CC-E53EB5A98F71",
  "pid" : 62404,
  "translated" : false,
  "cpuType" : "ARM-64",
  "roots_installed" : 0,
  "bug_type" : "309",
  "procLaunch" : "2025-11-17 06:48:14.6225 -0800",
  "procStartAbsTime" : 56486843012328,
  "procExitAbsTime" : 56486897492062,
  "procName" : "NetNewsWire",
  "procPath" : "\/private\/var\/folders\/*\/NetNewsWire.app\/Contents\/MacOS\/NetNewsWire",
  "bundleInfo" : {"CFBundleShortVersionString":"6.2","CFBundleVersion":"6200","CFBundleIdentifier":"com.ranchero.NetNewsWire-Evergreen"},
  "storeInfo" : {"deviceIdentifierForVendor":"E565C838-A859-56D7-8162-1AE5C1C4AABB","thirdParty":true},
  "parentProc" : "launchd",
  "parentPid" : 1,
  "coalitionName" : "com.ranchero.NetNewsWire-Evergreen",
  "crashReporterKey" : "8B57D3DC-4D14-63F7-8A6C-3357389BD439",
  "appleIntelligenceStatus" : {"reasons":["notOptedIn","assetIsNotReady","siriAssetIsNotReady"],"state":"unavailable"},
  "codeSigningID" : "com.ranchero.NetNewsWire-Evergreen",
  "codeSigningTeamID" : "M8L2WTLA8W",
  "codeSigningFlags" : 570503953,
  "codeSigningValidationCategory" : 6,
  "codeSigningTrustLevel" : 4294967295,
  "codeSigningAuxiliaryInfo" : 0,
  "instructionByteStream" : {"beforePC":"fyMD1f17v6n9AwCRm+D\/l78DAJH9e8Go\/w9f1sADX9YQKYDSARAA1A==","atPC":"AwEAVH8jA9X9e7+p\/QMAkZDg\/5e\/AwCR\/XvBqP8PX9bAA1\/WcAqA0g=="},
  "bootSessionUUID" : "0805F54C-3ED8-469E-AB85-FFD006560909",
  "wakeTime" : 472,
  "sleepWakeUUID" : "5DCE8A67-C63C-42B8-8F69-C7216FAB8298",
  "sip" : "enabled",
  "exception" : {"codes":"0x0000000000000000, 0x0000000000000000","rawCodes":[0,0],"type":"EXC_CRASH","signal":"SIGABRT"},
  "asi" : {"libsystem_c.dylib":["abort() called"]},
  "extMods" : {"caller":{"thread_create":0,"thread_set_state":0,"task_for_pid":0},"system":{"thread_create":0,"thread_set_state":0,"task_for_pid":0},"targeted":{"thread_create":0,"thread_set_state":0,"task_for_pid":0},"warnings":0},
  "faultingThread" : 0,
  "threads" : [{"triggered":true,"id":235119322,"threadState":{"x":[{"value":0},{"value":0},{"value":0},{"value":0},{"value":16},{"value":2497718319},{"value":105553139592704},{"value":3776},{"value":17482296210270225808},{"value":17482296208927384912},{"value":105553371329815},{"value":3},{"value":3},{"value":105553183216928},{"value":288230384474842673,"symbolLocation":288230376151711745,"symbol":"OBJC_CLASS_$__NSCallStackArray"},{"value":8323130928,"symbolLocation":0,"symbol":"OBJC_CLASS_$__NSCallStackArray"},{"value":328},{"value":8340133208},{"value":0},{"value":6},{"value":259},{"value":8322998688,"symbolLocation":224,"symbol":"_main_thread"},{"value":6122696120},{"value":8352184440},{"value":6122696144},{"value":6122695712},{"value":5},{"value":6501616616,"symbolLocation":0,"symbol":"_NSAppleEventManagerGenericHandler"},{"value":105553182368768}],"flavor":"ARM_THREAD_STATE64","lr":{"value":6477953164},"cpsr":{"value":1073741824},"fp":{"value":6122695200},"sp":{"value":6122695168},"esr":{"value":1442840704,"description":" Address size fault"},"pc":{"value":6477718408,"matchesCrashFrame":1},"far":{"value":0}},"queue":"com.apple.main-thread","frames":[{"imageOffset":37768,"symbol":"__pthread_kill","symbolLocation":8,"imageIndex":15},{"imageOffset":26764,"symbol":"pthread_kill","symbolLocation":296,"imageIndex":16},{"imageOffset":494140,"symbol":"abort","symbolLocation":124,"imageIndex":17},{"imageOffset":1209440,"imageIndex":0},{"imageOffset":1200116,"imageIndex":0},{"imageOffset":204004,"symbol":"_NSAppleEventManagerGenericHandler","symbolLocation":252,"imageIndex":18},{"imageOffset":45372,"imageIndex":19},{"imageOffset":43644,"imageIndex":19},{"imageOffset":16452,"symbol":"aeProcessAppleEvent","symbolLocation":484,"imageIndex":19},{"imageOffset":92200,"symbol":"AEProcessAppleEvent","symbolLocation":68,"imageIndex":20},{"imageOffset":240952,"symbol":"_DPSNextEvent","symbolLocation":1456,"imageIndex":21},{"imageOffset":10328384,"symbol":"-[NSApplication(NSEventRouting) _nextEventMatchingEventMask:untilDate:inMode:dequeue:]","symbolLocation":688,"imageIndex":21},{"imageOffset":187364,"symbol":"-[NSApplication run]","symbolLocation":480,"imageIndex":21},{"imageOffset":17116,"symbol":"NSApplicationMain","symbolLocation":880,"imageIndex":21},{"imageOffset":1033488,"imageIndex":0},{"imageOffset":27544,"symbol":"start","symbolLocation":6076,"imageIndex":22}]},{"id":235119533,"threadState":{"x":[{"value":18446744073709551612},{"value":0},{"value":4294967295},{"value":0},{"value":8323013696,"symbolLocation":0,"symbol":"_dispatch_main_q"},{"value":2},{"value":105553154588032},{"value":8536871067,"objc-selector":"_tryRetain"},{"value":0},{"value":105553182754640},{"value":8323013800,"symbolLocation":104,"symbol":"_dispatch_main_q"},{"value":5},{"value":105553182754630},{"value":8323013744,"symbolLocation":48,"symbol":"_dispatch_main_q"},{"value":0},{"value":105553182754630},{"value":515},{"value":8340133368},{"value":0},{"value":4294967295},{"value":1},{"value":0},{"value":6123251584},{"value":6123253984},{"value":0},{"value":105553182353280},{"value":0},{"value":0},{"value":276}],"flavor":"ARM_THREAD_STATE64","lr":{"value":6476160188},"cpsr":{"value":1073741824},"fp":{"value":6123251392},"sp":{"value":6123251360},"esr":{"value":1442840704,"description":" Address size fault"},"pc":{"value":6477691320},"far":{"value":0}},"queue":"com.apple.WebKit.ServicesController","frames":[{"imageOffset":10680,"symbol":"__ulock_wait","symbolLocation":8,"imageIndex":15},{"imageOffset":15548,"symbol":"_dlock_wait","symbolLocation":56,"imageIndex":24},{"imageOffset":15068,"symbol":"_dispatch_thread_event_wait_slow","symbolLocation":56,"imageIndex":24},{"imageOffset":72328,"symbol":"__DISPATCH_WAIT_FOR_QUEUE__","symbolLocation":368,"imageIndex":24},{"imageOffset":71232,"symbol":"_dispatch_sync_f_slow","symbolLocation":148,"imageIndex":24},{"imageOffset":8362028,"symbol":"void std::__1::__call_once_proxy[abi:sn190102]<std::__1::tuple<WebKit::ServicesController::refreshExistingServices(bool)::'block-literal'::$_10&&>>(void*)","symbolLocation":112,"imageIndex":25},{"imageOffset":46008,"symbol":"std::__1::__call_once(unsigned long volatile&, void*, void (*)(void*))","symbolLocation":196,"imageIndex":26},{"imageOffset":8348448,"symbol":"invocation function for block in WebKit::ServicesController::refreshExistingServices(bool)","symbolLocation":432,"imageIndex":25},{"imageOffset":6956,"symbol":"_dispatch_call_block_and_release","symbolLocation":32,"imageIndex":24},{"imageOffset":112732,"symbol":"_dispatch_client_callout","symbolLocation":16,"imageIndex":24},{"imageOffset":41808,"symbol":"_dispatch_lane_serial_drain","symbolLocation":740,"imageIndex":24},{"imageOffset":44588,"symbol":"_dispatch_lane_invoke","symbolLocation":388,"imageIndex":24},{"imageOffset":86628,"symbol":"_dispatch_root_queue_drain_deferred_wlh","symbolLocation":292,"imageIndex":24},{"imageOffset":84712,"symbol":"_dispatch_workloop_worker_thread","symbolLocation":540,"imageIndex":24},{"imageOffset":11876,"symbol":"_pthread_wqthread","symbolLocation":292,"imageIndex":16},{"imageOffset":7028,"symbol":"start_wqthread","symbolLocation":8,"imageIndex":16}]},{"id":235119534,"frames":[{"imageOffset":7020,"symbol":"start_wqthread","symbolLocation":0,"imageIndex":16}],"threadState":{"x":[{"value":6123827200},{"value":5379},{"value":6123290624},{"value":0},{"value":409604},{"value":18446744073709551615},{"value":0},{"value":0},{"value":0},{"value":0},{"value":0},{"value":0},{"value":0},{"value":0},{"value":0},{"value":0},{"value":0},{"value":0},{"value":0},{"value":0},{"value":0},{"value":0},{"value":0},{"value":0},{"value":0},{"value":0},{"value":0},{"value":0},{"value":0}],"flavor":"ARM_THREAD_STATE64","lr":{"value":0},"cpsr":{"value":0},"fp":{"value":0},"sp":{"value":6123827200},"esr":{"value":1442840704,"description":" Address size fault"},"pc":{"value":6477933420},"far":{"value":0}}},{"id":235119535,"frames":[{"imageOffset":7020,"symbol":"start_wqthread","symbolLocation":0,"imageIndex":16}],"threadState":{"x":[{"value":6124400640},{"value":8963},{"value":6123864064},{"value":0},{"value":409604},{"value":18446744073709551615},{"value":0},{"value":0},{"value":0},{"value":0},{"value":0},{"value":0},{"value":0},{"value":0},{"value":0},{"value":0},{"value":0},{"value":0},{"value":0},{"value":0},{"value":0},{"value":0},{"value":0},{"value":0},{"value":0},{"value":0},{"value":0},{"value":0},{"value":0}],"flavor":"ARM_THREAD_STATE64","lr":{"value":0},"cpsr":{"value":0},"fp":{"value":0},"sp":{"value":6124400640},"esr":{"value":1442840704,"description":" Address size fault"},"pc":{"value":6477933420},"far":{"value":0}}},{"id":235119594,"name":"JavaScriptCore libpas scavenger","threadState":{"x":[{"value":260},{"value":0},{"value":0},{"value":0},{"value":0},{"value":160},{"value":0},{"value":99999912},{"value":6124973736},{"value":0},{"value":0},{"value":2},{"value":2},{"value":0},{"value":0},{"value":0},{"value":305},{"value":8340133136},{"value":0},{"value":5905639488},{"value":5905639552},{"value":6124974304},{"value":99999912},{"value":0},{"value":0},{"value":257},{"value":512},{"value":4652007308841189376},{"value":8290643968,"symbolLocation":0,"symbol":"pas_all_heaps_count"}],"flavor":"ARM_THREAD_STATE64","lr":{"value":6477955296},"cpsr":{"value":1610612736},"fp":{"value":6124973856},"sp":{"value":6124973712},"esr":{"value":1442840704,"description":" Address size fault"},"pc":{"value":6477697996},"far":{"value":0}},"frames":[{"imageOffset":17356,"symbol":"__psynch_cvwait","symbolLocation":8,"imageIndex":15},{"imageOffset":28896,"symbol":"_pthread_cond_wait","symbolLocation":984,"imageIndex":16},{"imageOffset":24082564,"symbol":"scavenger_thread_main","symbolLocation":1364,"imageIndex":27},{"imageOffset":27660,"symbol":"_pthread_start","symbolLocation":136,"imageIndex":16},{"imageOffset":7040,"symbol":"thread_start","symbolLocation":8,"imageIndex":16}]},{"id":235119595,"frames":[{"imageOffset":7020,"symbol":"start_wqthread","symbolLocation":0,"imageIndex":16}],"threadState":{"x":[{"value":6125547520},{"value":56851},{"value":6125010944},{"value":0},{"value":409604},{"value":18446744073709551615},{"value":0},{"value":0},{"value":0},{"value":0},{"value":0},{"value":0},{"value":0},{"value":0},{"value":0},{"value":0},{"value":0},{"value":0},{"value":0},{"value":0},{"value":0},{"value":0},{"value":0},{"value":0},{"value":0},{"value":0},{"value":0},{"value":0},{"value":0}],"flavor":"ARM_THREAD_STATE64","lr":{"value":0},"cpsr":{"value":0},"fp":{"value":0},"sp":{"value":6125547520},"esr":{"value":1442840704,"description":" Address size fault"},"pc":{"value":6477933420},"far":{"value":0}}},{"id":235119603,"frames":[{"imageOffset":7020,"symbol":"start_wqthread","symbolLocation":0,"imageIndex":16}],"threadState":{"x":[{"value":6126120960},{"value":51515},{"value":6125584384},{"value":0},{"value":409604},{"value":18446744073709551615},{"value":0},{"value":0},{"value":0},{"value":0},{"value":0},{"value":0},{"value":0},{"value":0},{"value":0},{"value":0},{"value":0},{"value":0},{"value":0},{"value":0},{"value":0},{"value":0},{"value":0},{"value":0},{"value":0},{"value":0},{"value":0},{"value":0},{"value":0}],"flavor":"ARM_THREAD_STATE64","lr":{"value":0},"cpsr":{"value":0},"fp":{"value":0},"sp":{"value":6126120960},"esr":{"value":1442840704,"description":" Address size fault"},"pc":{"value":6477933420},"far":{"value":0}}},{"id":235119604,"name":"WebCore: Scrolling","threadState":{"x":[{"value":268451845},{"value":21592279046},{"value":8589934592},{"value":372747326717952},{"value":0},{"value":372747326717952},{"value":2},{"value":4294967295},{"value":0},{"value":17179869184},{"value":0},{"value":2},{"value":0},{"value":0},{"value":86787},{"value":0},{"value":18446744073709551569},{"value":8340135016},{"value":0},{"value":4294967295},{"value":2},{"value":372747326717952},{"value":0},{"value":372747326717952},{"value":6126690280},{"value":8589934592},{"value":21592279046},{"value":18446744073709550527},{"value":4412409862}],"flavor":"ARM_THREAD_STATE64","lr":{"value":6477759392},"cpsr":{"value":0},"fp":{"value":6126690128},"sp":{"value":6126690048},"esr":{"value":1442840704,"description":" Address size fault"},"pc":{"value":6477683764},"far":{"value":0}},"frames":[{"imageOffset":3124,"symbol":"mach_msg2_trap","symbolLocation":8,"imageIndex":15},{"imageOffset":78752,"symbol":"mach_msg2_internal","symbolLocation":76,"imageIndex":15},{"imageOffset":38756,"symbol":"mach_msg_overwrite","symbolLocation":484,"imageIndex":15},{"imageOffset":4008,"symbol":"mach_msg","symbolLocation":24,"imageIndex":15},{"imageOffset":511164,"symbol":"__CFRunLoopServiceMachPort","symbolLocation":160,"imageIndex":28},{"imageOffset":505304,"symbol":"__CFRunLoopRun","symbolLocation":1208,"imageIndex":28},{"imageOffset":502424,"symbol":"CFRunLoopRunSpecific","symbolLocation":572,"imageIndex":28},{"imageOffset":1000788,"symbol":"CFRunLoopRun","symbolLocation":64,"imageIndex":28},{"imageOffset":1753408,"symbol":"WTF::Detail::CallableWrapper<WTF::RunLoop::create(WTF::ASCIILiteral, WTF::ThreadType, WTF::Thread::QOS)::$_0, void>::call()","symbolLocation":52,"imageIndex":27},{"imageOffset":1979312,"symbol":"WTF::Thread::entryPoint(WTF::Thread::NewThreadContext*)","symbolLocation":240,"imageIndex":27},{"imageOffset":27804,"symbol":"WTF::wtfThreadEntryPoint(void*)","symbolLocation":16,"imageIndex":27},{"imageOffset":27660,"symbol":"_pthread_start","symbolLocation":136,"imageIndex":16},{"imageOffset":7040,"symbol":"thread_start","symbolLocation":8,"imageIndex":16}]},{"id":235119605,"frames":[{"imageOffset":7020,"symbol":"start_wqthread","symbolLocation":0,"imageIndex":16}],"threadState":{"x":[{"value":6127267840},{"value":86019},{"value":6126731264},{"value":0},{"value":409604},{"value":18446744073709551615},{"value":0},{"value":0},{"value":0},{"value":0},{"value":0},{"value":0},{"value":0},{"value":0},{"value":0},{"value":0},{"value":0},{"value":0},{"value":0},{"value":0},{"value":0},{"value":0},{"value":0},{"value":0},{"value":0},{"value":0},{"value":0},{"value":0},{"value":0}],"flavor":"ARM_THREAD_STATE64","lr":{"value":0},"cpsr":{"value":0},"fp":{"value":0},"sp":{"value":6127267840},"esr":{"value":1442840704,"description":" Address size fault"},"pc":{"value":6477933420},"far":{"value":0}}},{"id":235119606,"name":"CVDisplayLink","threadState":{"x":[{"value":260},{"value":0},{"value":0},{"value":0},{"value":0},{"value":65704},{"value":0},{"value":6917916},{"value":2561},{"value":0},{"value":0},{"value":2},{"value":2},{"value":0},{"value":0},{"value":0},{"value":305},{"value":8340133136},{"value":0},{"value":5486207032},{"value":5486207096},{"value":1},{"value":6917916},{"value":0},{"value":0},{"value":2561},{"value":2816},{"value":56486897643154},{"value":0}],"flavor":"ARM_THREAD_STATE64","lr":{"value":6477955340},"cpsr":{"value":2684354560},"fp":{"value":6127840688},"sp":{"value":6127840544},"esr":{"value":1442840704,"description":" Address size fault"},"pc":{"value":6477697996},"far":{"value":0}},"frames":[{"imageOffset":17356,"symbol":"__psynch_cvwait","symbolLocation":8,"imageIndex":15},{"imageOffset":28940,"symbol":"_pthread_cond_wait","symbolLocation":1028,"imageIndex":16},{"imageOffset":12788,"symbol":"CVDisplayLink::waitUntil(unsigned long long)","symbolLocation":336,"imageIndex":29},{"imageOffset":8924,"symbol":"CVDisplayLink::runIOThread()","symbolLocation":500,"imageIndex":29},{"imageOffset":27660,"symbol":"_pthread_start","symbolLocation":136,"imageIndex":16},{"imageOffset":7040,"symbol":"thread_start","symbolLocation":8,"imageIndex":16}]},{"id":235119610,"name":"CVDisplayLink","threadState":{"x":[{"value":260},{"value":0},{"value":0},{"value":0},{"value":0},{"value":65704},{"value":0},{"value":6915333},{"value":2305},{"value":0},{"value":0},{"value":2},{"value":2},{"value":0},{"value":0},{"value":0},{"value":305},{"value":8340133136},{"value":0},{"value":5487057976},{"value":5487058040},{"value":1},{"value":6915333},{"value":0},{"value":0},{"value":2305},{"value":2560},{"value":56486897643154},{"value":0}],"flavor":"ARM_THREAD_STATE64","lr":{"value":6477955340},"cpsr":{"value":2684354560},"fp":{"value":6128414128},"sp":{"value":6128413984},"esr":{"value":1442840704,"description":" Address size fault"},"pc":{"value":6477697996},"far":{"value":0}},"frames":[{"imageOffset":17356,"symbol":"__psynch_cvwait","symbolLocation":8,"imageIndex":15},{"imageOffset":28940,"symbol":"_pthread_cond_wait","symbolLocation":1028,"imageIndex":16},{"imageOffset":12788,"symbol":"CVDisplayLink::waitUntil(unsigned long long)","symbolLocation":336,"imageIndex":29},{"imageOffset":8924,"symbol":"CVDisplayLink::runIOThread()","symbolLocation":500,"imageIndex":29},{"imageOffset":27660,"symbol":"_pthread_start","symbolLocation":136,"imageIndex":16},{"imageOffset":7040,"symbol":"thread_start","symbolLocation":8,"imageIndex":16}]}],
  "usedImages" : [
  {
    "source" : "P",
    "arch" : "arm64",
    "base" : 4344184832,
    "CFBundleShortVersionString" : "6.2",
    "CFBundleIdentifier" : "com.ranchero.NetNewsWire-Evergreen",
    "size" : 1458176,
    "uuid" : "169ab24f-6b7f-3a5c-a095-84acd5121e9e",
    "path" : "\/private\/var\/folders\/*\/NetNewsWire.app\/Contents\/MacOS\/NetNewsWire",
    "name" : "NetNewsWire",
    "CFBundleVersion" : "6200"
  },
  {
    "source" : "P",
    "arch" : "arm64",
    "base" : 4350525440,
    "CFBundleShortVersionString" : "1.0",
    "CFBundleIdentifier" : "rsparser.RSParser",
    "size" : 1015808,
    "uuid" : "78fc5d37-88d6-3196-9155-5af2eef0ca7c",
    "path" : "\/private\/var\/folders\/*\/NetNewsWire.app\/Contents\/Frameworks\/RSParser.framework\/Versions\/A\/RSParser",
    "name" : "RSParser",
    "CFBundleVersion" : "1"
  },
  {
    "source" : "P",
    "arch" : "arm64",
    "base" : 4346331136,
    "CFBundleShortVersionString" : "1.0",
    "CFBundleIdentifier" : "syncdatabase.SyncDatabase",
    "size" : 49152,
    "uuid" : "563bd038-d899-3361-b101-976914a6722b",
    "path" : "\/private\/var\/folders\/*\/NetNewsWire.app\/Contents\/Frameworks\/SyncDatabase.framework\/Versions\/A\/SyncDatabase",
    "name" : "SyncDatabase",
    "CFBundleVersion" : "1"
  },
  {
    "source" : "P",
    "arch" : "arm64",
    "base" : 4348100608,
    "CFBundleShortVersionString" : "2.0.0 1011-geac45228",
    "CFBundleIdentifier" : "org.sparkle-project.Sparkle",
    "size" : 294912,
    "uuid" : "98336fc1-3990-3aa4-9bd2-b2384dd52ad6",
    "path" : "\/private\/var\/folders\/*\/NetNewsWire.app\/Contents\/Frameworks\/Sparkle.framework\/Versions\/A\/Sparkle",
    "name" : "Sparkle",
    "CFBundleVersion" : "2.0.0"
  },
  {
    "source" : "P",
    "arch" : "arm64",
    "base" : 4346462208,
    "CFBundleShortVersionString" : "1.0",
    "CFBundleIdentifier" : "articles.Articles",
    "size" : 49152,
    "uuid" : "4e41b3af-3c1e-335e-bdff-a66c91a49e29",
    "path" : "\/private\/var\/folders\/*\/NetNewsWire.app\/Contents\/Frameworks\/Articles.framework\/Versions\/A\/Articles",
    "name" : "Articles",
    "CFBundleVersion" : "1"
  },
  {
    "source" : "P",
    "arch" : "arm64",
    "base" : 4346085376,
    "CFBundleShortVersionString" : "1.0",
    "CFBundleIdentifier" : "rsdatabase.RSDatabase",
    "size" : 114688,
    "uuid" : "5d67766c-3d77-383e-acf3-3fbbb78b223a",
    "path" : "\/private\/var\/folders\/*\/NetNewsWire.app\/Contents\/Frameworks\/RSDatabase.framework\/Versions\/A\/RSDatabase",
    "name" : "RSDatabase",
    "CFBundleVersion" : "1"
  },
  {
    "source" : "P",
    "arch" : "arm64",
    "base" : 4346789888,
    "CFBundleShortVersionString" : "1.0",
    "CFBundleIdentifier" : "rstree.RSTree",
    "size" : 32768,
    "uuid" : "5cdbc7dc-f924-3dcc-b7b0-4132fd194ee0",
    "path" : "\/private\/var\/folders\/*\/NetNewsWire.app\/Contents\/Frameworks\/RSTree.framework\/Versions\/A\/RSTree",
    "name" : "RSTree",
    "CFBundleVersion" : "1"
  },
  {
    "source" : "P",
    "arch" : "arm64",
    "base" : 4347527168,
    "CFBundleShortVersionString" : "1.0",
    "CFBundleIdentifier" : "articlesdatabase.ArticlesDatabase",
    "size" : 212992,
    "uuid" : "a86900fe-c088-3deb-8095-92c4bb8c63d7",
    "path" : "\/private\/var\/folders\/*\/NetNewsWire.app\/Contents\/Frameworks\/ArticlesDatabase.framework\/Versions\/A\/ArticlesDatabase",
    "name" : "ArticlesDatabase",
    "CFBundleVersion" : "1"
  },
  {
    "source" : "P",
    "arch" : "arm64",
    "base" : 4346888192,
    "CFBundleShortVersionString" : "1.0",
    "CFBundleIdentifier" : "secrets.Secrets",
    "size" : 32768,
    "uuid" : "cb286967-611c-3e59-807e-95e7b79fcc42",
    "path" : "\/private\/var\/folders\/*\/NetNewsWire.app\/Contents\/Frameworks\/Secrets.framework\/Versions\/A\/Secrets",
    "name" : "Secrets",
    "CFBundleVersion" : "1"
  },
  {
    "source" : "P",
    "arch" : "arm64",
    "base" : 4356145152,
    "CFBundleShortVersionString" : "1.0",
    "CFBundleIdentifier" : "account.Account",
    "size" : 1589248,
    "uuid" : "ea29d0e0-ce2c-3266-8822-a2d019437f08",
    "path" : "\/private\/var\/folders\/*\/NetNewsWire.app\/Contents\/Frameworks\/Account.framework\/Versions\/A\/Account",
    "name" : "Account",
    "CFBundleVersion" : "1"
  },
  {
    "source" : "P",
    "arch" : "arm64",
    "base" : 4346986496,
    "CFBundleShortVersionString" : "1.0",
    "CFBundleIdentifier" : "rscore.RSCore",
    "size" : 294912,
    "uuid" : "68423f4e-85aa-3e6a-9c0b-022080a768eb",
    "path" : "\/private\/var\/folders\/*\/NetNewsWire.app\/Contents\/Frameworks\/RSCore.framework\/Versions\/A\/RSCore",
    "name" : "RSCore",
    "CFBundleVersion" : "1"
  },
  {
    "source" : "P",
    "arch" : "arm64",
    "base" : 4349640704,
    "CFBundleShortVersionString" : "1.0",
    "CFBundleIdentifier" : "rsweb.RSWeb",
    "size" : 245760,
    "uuid" : "51049d2d-2f39-38fe-bf36-d0fe656e26ef",
    "path" : "\/private\/var\/folders\/*\/NetNewsWire.app\/Contents\/Frameworks\/RSWeb.framework\/Versions\/A\/RSWeb",
    "name" : "RSWeb",
    "CFBundleVersion" : "1"
  },
  {
    "source" : "P",
    "arch" : "arm64e",
    "base" : 4584718336,
    "size" : 49152,
    "uuid" : "a3faee04-0f8b-3428-9497-560c97eca6fb",
    "path" : "\/usr\/lib\/libobjc-trampolines.dylib",
    "name" : "libobjc-trampolines.dylib"
  },
  {
    "source" : "P",
    "arch" : "arm64e",
    "base" : 4627939328,
    "CFBundleShortVersionString" : "329.2",
    "CFBundleIdentifier" : "com.apple.AGXMetalG16X",
    "size" : 7553024,
    "uuid" : "8e5557ce-84f2-3aa0-a631-94d3809e5bf0",
    "path" : "\/System\/Library\/Extensions\/AGXMetalG16X.bundle\/Contents\/MacOS\/AGXMetalG16X",
    "name" : "AGXMetalG16X",
    "CFBundleVersion" : "329.2"
  },
  {
    "source" : "P",
    "arch" : "arm64e",
    "base" : 4671586304,
    "CFBundleShortVersionString" : "1.0",
    "CFBundleIdentifier" : "com.apple.AppleMetalOpenGLRenderer",
    "size" : 425984,
    "uuid" : "28cfca54-b985-318a-a54a-7709dcd5f39e",
    "path" : "\/System\/Library\/Extensions\/AppleMetalOpenGLRenderer.bundle\/Contents\/MacOS\/AppleMetalOpenGLRenderer",
    "name" : "AppleMetalOpenGLRenderer",
    "CFBundleVersion" : "1"
  },
  {
    "source" : "P",
    "arch" : "arm64e",
    "base" : 6477680640,
    "size" : 243284,
    "uuid" : "6e4a96ad-04b8-3e8a-b91d-087e62306246",
    "path" : "\/usr\/lib\/system\/libsystem_kernel.dylib",
    "name" : "libsystem_kernel.dylib"
  },
  {
    "source" : "P",
    "arch" : "arm64e",
    "base" : 6477926400,
    "size" : 51784,
    "uuid" : "d6494ba9-171e-39fc-b1aa-28ecf87975d1",
    "path" : "\/usr\/lib\/system\/libsystem_pthread.dylib",
    "name" : "libsystem_pthread.dylib"
  },
  {
    "source" : "P",
    "arch" : "arm64e",
    "base" : 6476447744,
    "size" : 528964,
    "uuid" : "dfea8794-80ce-37c3-8f6a-108aa1d0b1b0",
    "path" : "\/usr\/lib\/system\/libsystem_c.dylib",
    "name" : "libsystem_c.dylib"
  },
  {
    "source" : "P",
    "arch" : "arm64e",
    "base" : 6501412864,
    "CFBundleShortVersionString" : "6.9",
    "CFBundleIdentifier" : "com.apple.Foundation",
    "size" : 14587296,
    "uuid" : "b9a92060-f21e-3ecf-9ded-94a65c68a6f4",
    "path" : "\/System\/Library\/Frameworks\/Foundation.framework\/Versions\/C\/Foundation",
    "name" : "Foundation",
    "CFBundleVersion" : "3603"
  },
  {
    "source" : "P",
    "arch" : "arm64e",
    "base" : 6606766080,
    "CFBundleShortVersionString" : "944",
    "CFBundleIdentifier" : "com.apple.AE",
    "size" : 472968,
    "uuid" : "c410f3f4-79c0-3066-92bd-3b8ab89ade37",
    "path" : "\/System\/Library\/Frameworks\/CoreServices.framework\/Versions\/A\/Frameworks\/AE.framework\/Versions\/A\/AE",
    "name" : "AE",
    "CFBundleVersion" : "944"
  },
  {
    "source" : "P",
    "arch" : "arm64e",
    "base" : 6673809408,
    "CFBundleShortVersionString" : "2.1.1",
    "CFBundleIdentifier" : "com.apple.HIToolbox",
    "size" : 3174368,
    "uuid" : "1a037942-11e0-3fc8-aad2-20b11e7ae1a4",
    "path" : "\/System\/Library\/Frameworks\/Carbon.framework\/Versions\/A\/Frameworks\/HIToolbox.framework\/Versions\/A\/HIToolbox",
    "name" : "HIToolbox"
  },
  {
    "source" : "P",
    "arch" : "arm64e",
    "base" : 6544879616,
    "CFBundleShortVersionString" : "6.9",
    "CFBundleIdentifier" : "com.apple.AppKit",
    "size" : 21564992,
    "uuid" : "860c164c-d04c-30ff-8c6f-e672b74caf11",
    "path" : "\/System\/Library\/Frameworks\/AppKit.framework\/Versions\/C\/AppKit",
    "name" : "AppKit",
    "CFBundleVersion" : "2575.70.52"
  },
  {
    "source" : "P",
    "arch" : "arm64e",
    "base" : 6474121216,
    "size" : 636280,
    "uuid" : "3247e185-ced2-36ff-9e29-47a77c23e004",
    "path" : "\/usr\/lib\/dyld",
    "name" : "dyld"
  },
  {
    "size" : 0,
    "source" : "A",
    "base" : 0,
    "uuid" : "00000000-0000-0000-0000-000000000000"
  },
  {
    "source" : "P",
    "arch" : "arm64e",
    "base" : 6476144640,
    "size" : 288608,
    "uuid" : "24ce0d89-4114-30c2-a81a-3db1f5931cff",
    "path" : "\/usr\/lib\/system\/libdispatch.dylib",
    "name" : "libdispatch.dylib"
  },
  {
    "source" : "P",
    "arch" : "arm64e",
    "base" : 7119384576,
    "CFBundleShortVersionString" : "20621",
    "CFBundleIdentifier" : "com.apple.WebKit",
    "size" : 21306528,
    "uuid" : "fb40cbe5-eb40-3ba6-b806-be1abc73a678",
    "path" : "\/System\/Library\/Frameworks\/WebKit.framework\/Versions\/A\/WebKit",
    "name" : "WebKit",
    "CFBundleVersion" : "20621.3.11.11.3"
  },
  {
    "source" : "P",
    "arch" : "arm64e",
    "base" : 6476980224,
    "size" : 577528,
    "uuid" : "643ed232-ce19-3f63-8015-0aee768c002f",
    "path" : "\/usr\/lib\/libc++.1.dylib",
    "name" : "libc++.1.dylib"
  },
  {
    "source" : "P",
    "arch" : "arm64e",
    "base" : 6993223680,
    "CFBundleShortVersionString" : "20621",
    "CFBundleIdentifier" : "com.apple.JavaScriptCore",
    "size" : 26237344,
    "uuid" : "124e513d-5932-3a30-9f2d-15086a1e382c",
    "path" : "\/System\/Library\/Frameworks\/JavaScriptCore.framework\/Versions\/A\/JavaScriptCore",
    "name" : "JavaScriptCore",
    "CFBundleVersion" : "20621.3.11.11.3"
  },
  {
    "source" : "P",
    "arch" : "arm64e",
    "base" : 6478405632,
    "CFBundleShortVersionString" : "6.9",
    "CFBundleIdentifier" : "com.apple.CoreFoundation",
    "size" : 5500928,
    "uuid" : "8d45baee-6cc0-3b89-93fd-ea1c8e15c6d7",
    "path" : "\/System\/Library\/Frameworks\/CoreFoundation.framework\/Versions\/A\/CoreFoundation",
    "name" : "CoreFoundation",
    "CFBundleVersion" : "3603"
  },
  {
    "source" : "P",
    "arch" : "arm64e",
    "base" : 6639034368,
    "CFBundleShortVersionString" : "1.8",
    "CFBundleIdentifier" : "com.apple.CoreVideo",
    "size" : 396640,
    "uuid" : "09d2cfd2-78be-3ab9-bd62-81adfb485fcc",
    "path" : "\/System\/Library\/Frameworks\/CoreVideo.framework\/Versions\/A\/CoreVideo",
    "name" : "CoreVideo",
    "CFBundleVersion" : "692.1"
  }
],
  "sharedCache" : {
  "base" : 6473285632,
  "size" : 5040898048,
  "uuid" : "032c7bce-a479-35b8-97bc-ce7f8f80ccab"
},
  "vmSummary" : "ReadOnly portion of Libraries: Total=1.7G resident=0K(0%) swapped_out_or_unallocated=1.7G(100%)\nWritable regions: Total=5.5G written=689K(0%) resident=689K(0%) swapped_out=0K(0%) unallocated=5.5G(100%)\n\n                                VIRTUAL   REGION \nREGION TYPE                        SIZE    COUNT (non-coalesced) \n===========                     =======  ======= \nAccelerate framework               256K        2 \nActivity Tracing                   256K        1 \nCG image                           848K       12 \nCG raster data                    2016K       63 \nColorSync                          592K       31 \nCoreAnimation                      640K       40 \nCoreGraphics                        48K        3 \nCoreServices                       176K        1 \nCoreUI image data                  592K        5 \nFoundation                          16K        1 \nKernel Alloc Once                   32K        1 \nMALLOC                             1.3G       67 \nMALLOC guard page                  288K       18 \nSQLite page cache                  384K        3 \nSTACK GUARD                       56.2M       11 \nStack                             13.3M       11 \nVM_ALLOCATE                        224K       12 \nVM_ALLOCATE (reserved)             4.0G        1         reserved VM address space (unallocated)\nWebKit Malloc                    192.3M        9 \n__AUTH                            5880K      708 \n__AUTH_CONST                      78.6M      956 \n__CTF                               824        1 \n__DATA                            27.9M      953 \n__DATA_CONST                      27.6M      977 \n__DATA_DIRTY                      2781K      342 \n__FONT_DATA                        2352        1 \n__GLSLBUILTINS                    5174K        1 \n__INFO_FILTER                         8        1 \n__LINKEDIT                       620.4M       16 \n__LLVM_COV                          48K        1 \n__OBJC_RO                         61.4M        1 \n__OBJC_RW                         2396K        1 \n__TEXT                             1.1G      999 \n__TPRO_CONST                       128K        2 \nmapped file                      284.1M     1036 \npage table in kernel               689K        1 \nshared memory                     1536K       17 \n===========                     =======  ======= \nTOTAL                              7.7G     6306 \nTOTAL, minus reserved VM space     3.7G     6306 \n",
  "legacyInfo" : {
  "threadTriggered" : {
    "queue" : "com.apple.main-thread"
  }
},
  "logWritingSignature" : "3bc12142f26f4922dcc02814798ab1f6f9298092",
  "trialInfo" : {
  "rollouts" : [
    {
      "rolloutId" : "64628732bf2f5257dedc8988",
      "factorPackIds" : {

      },
      "deploymentId" : 240000001
    },
    {
      "rolloutId" : "60186475825c62000ccf5450",
      "factorPackIds" : {

      },
      "deploymentId" : 240000083
    }
  ],
  "experiments" : [

  ]
}
}
